12:19:56 INFO  : Launching XSDB server: xsdb -n /opt/Xilinx/SDK/2015.4/scripts/xsdb/xsdb/xsdb-server.tcl
12:20:04 INFO  : XSDB server has started successfully.
14:45:50 INFO  : Launching XSDB server: xsdb -n /opt/Xilinx/SDK/2015.4/scripts/xsdb/xsdb/xsdb-server.tcl
14:45:51 INFO  : XSDB server has started successfully.
07:45:38 INFO  : Launching XSDB server: xsdb -n /opt/Xilinx/SDK/2015.4/scripts/xsdb/xsdb/xsdb-server.tcl
07:45:40 INFO  : XSDB server has started successfully.
15:48:42 INFO  : Launching XSDB server: xsdb -n /opt/Xilinx/SDK/2015.4/scripts/xsdb/xsdb/xsdb-server.tcl
15:48:45 INFO  : XSDB server has started successfully.
17:38:20 INFO  : Launching XSDB server: xsdb -n /opt/Xilinx/SDK/2015.4/scripts/xsdb/xsdb/xsdb-server.tcl
17:38:23 INFO  : XSDB server has started successfully.
08:30:57 INFO  : Launching XSDB server: xsdb -n /opt/Xilinx/SDK/2015.4/scripts/xsdb/xsdb/xsdb-server.tcl
08:31:02 INFO  : XSDB server has started successfully.
12:04:21 INFO  : Launching XSDB server: xsdb -n /opt/Xilinx/SDK/2015.4/scripts/xsdb/xsdb/xsdb-server.tcl
12:04:22 INFO  : XSDB server has started successfully.
08:45:18 INFO  : Launching XSDB server: xsdb -n /opt/Xilinx/SDK/2015.4/scripts/xsdb/xsdb/xsdb-server.tcl
08:45:20 INFO  : XSDB server has started successfully.
08:53:12 INFO  : Launching XSDB server: xsdb -n /opt/Xilinx/SDK/2015.4/scripts/xsdb/xsdb/xsdb-server.tcl
08:53:15 INFO  : XSDB server has started successfully.
08:25:11 INFO  : Launching XSDB server: xsdb -n /opt/Xilinx/SDK/2015.4/scripts/xsdb/xsdb/xsdb-server.tcl
08:25:13 INFO  : XSDB server has started successfully.
08:29:23 INFO  : Launching XSDB server: xsdb -n /opt/Xilinx/SDK/2015.4/scripts/xsdb/xsdb/xsdb-server.tcl
08:29:25 INFO  : XSDB server has started successfully.
12:40:15 INFO  : Launching XSDB server: xsdb -n /opt/Xilinx/SDK/2015.4/scripts/xsdb/xsdb/xsdb-server.tcl
12:40:17 INFO  : XSDB server has started successfully.
13:05:21 INFO  : Launching XSDB server: xsdb -n /opt/Xilinx/SDK/2015.4/scripts/xsdb/xsdb/xsdb-server.tcl
13:05:23 INFO  : XSDB server has started successfully.
09:43:25 INFO  : Launching XSDB server: xsdb -n /opt/Xilinx/SDK/2015.4/scripts/xsdb/xsdb/xsdb-server.tcl
09:43:31 INFO  : XSDB server has started successfully.
13:23:49 INFO  : Launching XSDB server: xsdb -n /opt/Xilinx/SDK/2015.4/scripts/xsdb/xsdb/xsdb-server.tcl
13:23:51 INFO  : XSDB server has started successfully.
11:29:22 INFO  : Launching XSDB server: xsdb -n /opt/Xilinx/SDK/2015.4/scripts/xsdb/xsdb/xsdb-server.tcl
11:29:24 INFO  : XSDB server has started successfully.
12:45:05 INFO  : Launching XSDB server: xsdb -n /opt/Xilinx/SDK/2015.4/scripts/xsdb/xsdb/xsdb-server.tcl
12:45:07 INFO  : XSDB server has started successfully.
12:14:13 INFO  : Launching XSDB server: xsdb -n /opt/Xilinx/SDK/2015.4/scripts/xsdb/xsdb/xsdb-server.tcl
12:14:15 INFO  : XSDB server has started successfully.
09:00:03 INFO  : Launching XSDB server: xsdb -n /opt/Xilinx/SDK/2015.4/scripts/xsdb/xsdb/xsdb-server.tcl
09:00:06 INFO  : XSDB server has started successfully.
11:51:45 INFO  : Launching XSDB server: xsdb -n /opt/Xilinx/SDK/2015.4/scripts/xsdb/xsdb/xsdb-server.tcl
11:51:48 INFO  : XSDB server has started successfully.
09:57:50 INFO  : Launching XSDB server: xsdb -n /opt/Xilinx/SDK/2015.4/scripts/xsdb/xsdb/xsdb-server.tcl
09:57:52 INFO  : XSDB server has started successfully.
14:44:50 INFO  : Launching XSDB server: xsdb -n /opt/Xilinx/SDK/2015.4/scripts/xsdb/xsdb/xsdb-server.tcl
14:44:52 INFO  : XSDB server has started successfully.
12:13:47 INFO  : Launching XSDB server: xsdb -n /opt/Xilinx/SDK/2015.4/scripts/xsdb/xsdb/xsdb-server.tcl
12:13:50 INFO  : XSDB server has started successfully.
09:21:21 INFO  : Launching XSDB server: xsdb -n /opt/Xilinx/SDK/2015.4/scripts/xsdb/xsdb/xsdb-server.tcl
09:21:23 INFO  : XSDB server has started successfully.
09:46:13 INFO  : Launching XSDB server: xsdb -n /opt/Xilinx/SDK/2015.4/scripts/xsdb/xsdb/xsdb-server.tcl
09:46:15 INFO  : XSDB server has started successfully.
15:46:46 INFO  : Launching XSDB server: xsdb -n /opt/Xilinx/SDK/2015.4/scripts/xsdb/xsdb/xsdb-server.tcl
15:46:49 INFO  : XSDB server has started successfully.
14:04:46 INFO  : Launching XSDB server: xsdb -n /opt/Xilinx/SDK/2015.4/scripts/xsdb/xsdb/xsdb-server.tcl
14:04:48 INFO  : XSDB server has started successfully.
10:22:04 INFO  : Launching XSDB server: xsdb -n /opt/Xilinx/SDK/2015.4/scripts/xsdb/xsdb/xsdb-server.tcl
10:22:06 INFO  : XSDB server has started successfully.
10:01:40 INFO  : Launching XSDB server: xsdb -n /opt/Xilinx/SDK/2015.4/scripts/xsdb/xsdb/xsdb-server.tcl
10:01:42 INFO  : XSDB server has started successfully.
12:46:28 INFO  : Launching XSDB server: xsdb -n /opt/Xilinx/SDK/2015.4/scripts/xsdb/xsdb/xsdb-server.tcl
12:46:35 INFO  : XSDB server has started successfully.
09:25:10 INFO  : Launching XSDB server: xsdb -n /opt/Xilinx/SDK/2015.4/scripts/xsdb/xsdb/xsdb-server.tcl
09:25:14 INFO  : XSDB server has started successfully.
08:59:09 INFO  : Launching XSDB server: xsdb -n /opt/Xilinx/SDK/2015.4/scripts/xsdb/xsdb/xsdb-server.tcl
08:59:13 INFO  : XSDB server has started successfully.
10:10:55 INFO  : Launching XSDB server: xsdb -n /opt/Xilinx/SDK/2015.4/scripts/xsdb/xsdb/xsdb-server.tcl
10:11:00 INFO  : XSDB server has started successfully.
09:03:15 INFO  : Launching XSDB server: xsdb -n /opt/Xilinx/SDK/2015.4/scripts/xsdb/xsdb/xsdb-server.tcl
09:03:16 INFO  : XSDB server has started successfully.
09:04:07 INFO  : Launching XSDB server: xsdb -n /opt/Xilinx/SDK/2015.4/scripts/xsdb/xsdb/xsdb-server.tcl
09:04:08 INFO  : XSDB server has started successfully.
15:17:16 INFO  : Launching XSDB server: xsdb -n /opt/Xilinx/SDK/2015.4/scripts/xsdb/xsdb/xsdb-server.tcl
15:17:20 INFO  : XSDB server has started successfully.
15:17:26 INFO  : Restoring global repository preferences: 
		 /home/bas/device-tree-xlnx
09:33:16 INFO  : Launching XSDB server: xsdb -n /opt/Xilinx/SDK/2015.4/scripts/xsdb/xsdb/xsdb-server.tcl
09:33:21 INFO  : XSDB server has started successfully.
09:33:27 INFO  : Restoring global repository preferences: 
		 /home/bas/device-tree-xlnx
09:16:31 INFO  : Launching XSDB server: xsdb -n /opt/Xilinx/SDK/2015.4/scripts/xsdb/xsdb/xsdb-server.tcl
09:16:36 INFO  : XSDB server has started successfully.
09:16:42 INFO  : Restoring global repository preferences: 
		 /home/bas/device-tree-xlnx
13:19:18 INFO  : Launching XSDB server: xsdb -n /opt/Xilinx/SDK/2015.4/scripts/xsdb/xsdb/xsdb-server.tcl
13:19:22 INFO  : XSDB server has started successfully.
13:19:36 INFO  : Restoring global repository preferences: 
		 /home/bas/device-tree-xlnx
09:35:00 INFO  : Launching XSDB server: xsdb -n /opt/Xilinx/SDK/2015.4/scripts/xsdb/xsdb/xsdb-server.tcl
09:35:04 INFO  : Launching XSDB server: xsdb -n /opt/Xilinx/SDK/2015.4/scripts/xsdb/xsdb/xsdb-server.tcl
09:35:05 INFO  : XSDB server has started successfully.
09:35:05 INFO  : XSDB server has started successfully.
09:35:05 ERROR : (XSDB Server)called Tcl_FindHashEntry on deleted table

09:35:05 ERROR : (XSDB Server)/opt/Xilinx/SDK/2015.4/bin/loader: line 164:  2350 Aborted                 "$RDI_PROG" "$@"

09:35:05 ERROR : Failed to call init_repo
java.io.IOException: Command [C 1 xsdb eval "::hsi::utils::init_repo"] aborted
	at org.eclipse.tcf.core.AbstractChannel$9.run(AbstractChannel.java:753)
	at org.eclipse.tcf.EventQueue.run(EventQueue.java:95)
	at java.lang.Thread.run(Thread.java:745)
Caused by: java.io.IOException: Communication channel is closed by remote peer
	at org.eclipse.tcf.core.AbstractChannel$1$2.run(AbstractChannel.java:305)
	... 2 more
09:35:05 ERROR : Exception rasied in executing the command =Failed to call init_repo 
10:03:00 INFO  : Launching XSDB server: xsdb -n /opt/Xilinx/SDK/2015.4/scripts/xsdb/xsdb/xsdb-server.tcl
10:03:05 INFO  : Launching XSDB server: xsdb -n /opt/Xilinx/SDK/2015.4/scripts/xsdb/xsdb/xsdb-server.tcl
10:03:08 INFO  : XSDB server has started successfully.
10:03:09 INFO  : XSDB server has started successfully.
10:34:05 INFO  : Launching XSDB server: xsdb -n /opt/Xilinx/SDK/2015.4/scripts/xsdb/xsdb/xsdb-server.tcl
10:34:06 INFO  : XSDB server has started successfully.
10:34:07 INFO  : Restoring global repository preferences: 
		 /home/bas/device-tree-xlnx
