#-----------------------------------------------------------
# Webtalk v2015.4 (64-bit)
# SW Build 1412921 on Wed Nov 18 09:44:32 MST 2015
# 
# Start of session at: Wed Aug 17 14:30:02 2016
# Process ID: 32367
# Current directory: /home/bas/workspace/DCS_V4/DCS_V4.sdk/webtalk
# Command line: wbtcv -mode batch -source sdk_webtalk.tcl
# Log file: /home/bas/workspace/DCS_V4/DCS_V4.sdk/webtalk/webtalk.log
# Journal file: /home/bas/workspace/DCS_V4/DCS_V4.sdk/webtalk/webtalk.jou
#-----------------------------------------------------------
source sdk_webtalk.tcl
# webtalk_init -webtalk_dir /home/bas/workspace/DCS_V4/DCS_V4.sdk/webtalk
# webtalk_register_client -client project
# webtalk_add_data -client project -key date_generated -value "Wed Aug 17 14:30:02 2016" -context "software_version_and_target_device"
# webtalk_add_data -client project -key product_version -value "SDK v2015.4" -context "software_version_and_target_device"
# webtalk_add_data -client project -key build_version -value "2015.4" -context "software_version_and_target_device"
# webtalk_add_data -client project -key os_platform -value "amd64" -context "software_version_and_target_device"
# webtalk_add_data -client project -key registration_id -value "" -context "software_version_and_target_device"
# webtalk_add_data -client project -key tool_flow -value "SDK" -context "software_version_and_target_device"
# webtalk_add_data -client project -key beta -value "false" -context "software_version_and_target_device"
# webtalk_add_data -client project -key route_design -value "NA" -context "software_version_and_target_device"
# webtalk_add_data -client project -key target_family -value "NA" -context "software_version_and_target_device"
# webtalk_add_data -client project -key target_device -value "NA" -context "software_version_and_target_device"
# webtalk_add_data -client project -key target_package -value "NA" -context "software_version_and_target_device"
# webtalk_add_data -client project -key target_speed -value "NA" -context "software_version_and_target_device"
# webtalk_add_data -client project -key random_id -value "80q2474h4dn73okrk27l46umfh" -context "software_version_and_target_device"
# webtalk_add_data -client project -key project_id -value "2015.4_29" -context "software_version_and_target_device"
# webtalk_add_data -client project -key project_iteration -value "29" -context "software_version_and_target_device"
# webtalk_add_data -client project -key os_name -value "" -context "user_environment"
# webtalk_add_data -client project -key os_release -value "" -context "user_environment"
# webtalk_add_data -client project -key cpu_name -value "" -context "user_environment"
# webtalk_add_data -client project -key cpu_speed -value "" -context "user_environment"
# webtalk_add_data -client project -key total_processors -value "" -context "user_environment"
# webtalk_add_data -client project -key system_ram -value "" -context "user_environment"
# webtalk_register_client -client sdk
# webtalk_add_data -client sdk -key uid -value "1471425127000" -context "sdk\\\\bsp/1471425127000"
# webtalk_add_data -client sdk -key hwid -value "1470642037000" -context "sdk\\\\bsp/1471425127000"
# webtalk_add_data -client sdk -key os -value "standalone" -context "sdk\\\\bsp/1471425127000"
# webtalk_add_data -client sdk -key apptemplate -value "zynq_fsbl" -context "sdk\\\\bsp/1471425127000"
# webtalk_add_data -client sdk -key uid -value "1471425136000" -context "sdk\\\\application/1471425136000"
# webtalk_add_data -client sdk -key hwid -value "1470642037000" -context "sdk\\\\application/1471425136000"
# webtalk_add_data -client sdk -key bspid -value "1471425127000" -context "sdk\\\\application/1471425136000"
# webtalk_add_data -client sdk -key newbsp -value "true" -context "sdk\\\\application/1471425136000"
# webtalk_add_data -client sdk -key os -value "standalone" -context "sdk\\\\application/1471425136000"
# webtalk_add_data -client sdk -key apptemplate -value "zynq_fsbl" -context "sdk\\\\application/1471425136000"
# webtalk_transmit -clientid 2745523143 -regid "" -xml /home/bas/workspace/DCS_V4/DCS_V4.sdk/webtalk/usage_statistics_ext_sdk.xml -html /home/bas/workspace/DCS_V4/DCS_V4.sdk/webtalk/usage_statistics_ext_sdk.html -wdm /home/bas/workspace/DCS_V4/DCS_V4.sdk/webtalk/sdk_webtalk.wdm -intro "<H3>SDK Usage Report</H3><BR>"
# webtalk_terminate
INFO: [Common 17-206] Exiting Webtalk at Wed Aug 17 14:30:03 2016...
