Copyright 1986-2015 Xilinx, Inc. All Rights Reserved.
------------------------------------------------------------------------------------
| Tool Version : Vivado v.2015.4 (lin64) Build 1412921 Wed Nov 18 09:44:32 MST 2015
| Date         : Wed Aug 17 12:47:10 2016
| Host         : Mimas running 64-bit Debian GNU/Linux 8.4 (jessie)
| Command      : report_drc
------------------------------------------------------------------------------------

Report DRC

Table of Contents
-----------------
1. REPORT SUMMARY
2. REPORT DETAILS

1. REPORT SUMMARY
-----------------
            Netlist: netlist
          Floorplan: design_1
      Design limits: <entire design considered>
           Ruledeck: default
             Max violations: <unlimited>
             Violations found: 14

2. REPORT DETAILS
-----------------
BUFC-1#1 Warning
Input Buffer Connections  
Input buffer chan_nA_1_IBUF_inst has no loads. An input buffer must drive an internal load.
Related violations: <none>

BUFC-1#2 Warning
Input Buffer Connections  
Input buffer chan_nA_2_IBUF_inst has no loads. An input buffer must drive an internal load.
Related violations: <none>

BUFC-1#3 Warning
Input Buffer Connections  
Input buffer chan_nA_3_IBUF_inst has no loads. An input buffer must drive an internal load.
Related violations: <none>

BUFC-1#4 Warning
Input Buffer Connections  
Input buffer chan_nA_4_IBUF_inst has no loads. An input buffer must drive an internal load.
Related violations: <none>

BUFC-1#5 Warning
Input Buffer Connections  
Input buffer chan_nA_5_IBUF_inst has no loads. An input buffer must drive an internal load.
Related violations: <none>

BUFC-1#6 Warning
Input Buffer Connections  
Input buffer chan_nA_IBUF_inst has no loads. An input buffer must drive an internal load.
Related violations: <none>

BUFC-1#7 Warning
Input Buffer Connections  
Input buffer chan_nB_1_IBUF_inst has no loads. An input buffer must drive an internal load.
Related violations: <none>

BUFC-1#8 Warning
Input Buffer Connections  
Input buffer chan_nB_2_IBUF_inst has no loads. An input buffer must drive an internal load.
Related violations: <none>

BUFC-1#9 Warning
Input Buffer Connections  
Input buffer chan_nB_3_IBUF_inst has no loads. An input buffer must drive an internal load.
Related violations: <none>

BUFC-1#10 Warning
Input Buffer Connections  
Input buffer chan_nB_4_IBUF_inst has no loads. An input buffer must drive an internal load.
Related violations: <none>

BUFC-1#11 Warning
Input Buffer Connections  
Input buffer chan_nB_5_IBUF_inst has no loads. An input buffer must drive an internal load.
Related violations: <none>

BUFC-1#12 Warning
Input Buffer Connections  
Input buffer chan_nB_IBUF_inst has no loads. An input buffer must drive an internal load.
Related violations: <none>

PLIO-7#1 Warning
Placement Constraints Check for IO constraints  
An IO Bus FIXED_IO_mio[53:0] with more than one IO standard is found. Components associated with this bus are: LVCMOS18 (FIXED_IO_mio[53], FIXED_IO_mio[52], FIXED_IO_mio[51], FIXED_IO_mio[50], FIXED_IO_mio[49], FIXED_IO_mio[48], FIXED_IO_mio[47], FIXED_IO_mio[46], FIXED_IO_mio[45], FIXED_IO_mio[44], FIXED_IO_mio[43], FIXED_IO_mio[42], FIXED_IO_mio[41], FIXED_IO_mio[40], FIXED_IO_mio[39] (the first 15 of 26 listed)); LVCMOS33 (FIXED_IO_mio[15], FIXED_IO_mio[14], FIXED_IO_mio[13], FIXED_IO_mio[12], FIXED_IO_mio[11], FIXED_IO_mio[10], FIXED_IO_mio[9], FIXED_IO_mio[8], FIXED_IO_mio[7], FIXED_IO_mio[6], FIXED_IO_mio[5], FIXED_IO_mio[4], FIXED_IO_mio[3], FIXED_IO_mio[2], FIXED_IO_mio[1] (the first 15 of 16 listed)); HSTL_I_18 (FIXED_IO_mio[27], FIXED_IO_mio[26], FIXED_IO_mio[25], FIXED_IO_mio[24], FIXED_IO_mio[23], FIXED_IO_mio[22], FIXED_IO_mio[21], FIXED_IO_mio[20], FIXED_IO_mio[19], FIXED_IO_mio[18], FIXED_IO_mio[17], FIXED_IO_mio[16]); 
Related violations: <none>

RTSTAT-10#1 Warning
No routable loads  
12 net(s) have no routable loads. The problem bus(es) and/or net(s) are chan_nA_1_IBUF, chan_nA_2_IBUF, chan_nA_3_IBUF, chan_nA_4_IBUF, chan_nA_5_IBUF, chan_nA_IBUF, chan_nB_1_IBUF, chan_nB_2_IBUF, chan_nB_3_IBUF, chan_nB_4_IBUF, chan_nB_5_IBUF, chan_nB_IBUF.
Related violations: <none>


